# JRE version: OpenJDK Runtime Environment (7.0_75-b13) (build 1.7.0_75-b13)
# Java VM: OpenJDK 64-Bit Server VM (24.75-b04 mixed mode linux-amd64 compressed oops)
Heap
 PSYoungGen      total 1224192K, used 1049600K [0x00000007aaa00000, 0x0000000800000000, 0x0000000800000000)
  eden space 1049600K, 100% used [0x00000007aaa00000,0x00000007eab00000,0x00000007eab00000)
  from space 174592K, 0% used [0x00000007f5580000,0x00000007f5580000,0x0000000800000000)
  to   space 174592K, 9% used [0x00000007eab00000,0x00000007ebaf0480,0x00000007f5580000)
 ParOldGen       total 2797568K, used 103838K [0x00000006ffe00000, 0x00000007aaa00000, 0x00000007aaa00000)
  object space 2797568K, 3% used [0x00000006ffe00000,0x0000000706367b60,0x00000007aaa00000)
 PSPermGen       total 174592K, used 117923K [0x00000006efe00000, 0x00000006fa880000, 0x00000006ffe00000)
  object space 174592K, 67% used [0x00000006efe00000,0x00000006f7128ec8,0x00000006fa880000)
GC Heap History (10 events):
Event: 2070.358 GC heap after
Heap after GC invocations=17 (full 7):
 PSYoungGen      total 1224192K, used 0K [0x00000007aaa00000, 0x0000000800000000, 0x0000000800000000)
  eden space 1049600K, 0% used [0x00000007aaa00000,0x00000007aaa00000,0x00000007eab00000)
  from space 174592K, 0% used [0x00000007f5580000,0x00000007f5580000,0x0000000800000000)
  to   space 174592K, 0% used [0x00000007eab00000,0x00000007eab00000,0x00000007f5580000)
 ParOldGen       total 2797568K, used 102001K [0x00000006ffe00000, 0x00000007aaa00000, 0x00000007aaa00000)
  object space 2797568K, 3% used [0x00000006ffe00000,0x000000070619c760,0x00000007aaa00000)
 PSPermGen       total 189440K, used 114266K [0x00000006efe00000, 0x00000006fb700000, 0x00000006ffe00000)
  object space 189440K, 60% used [0x00000006efe00000,0x00000006f6d96a48,0x00000006fb700000)
}
Event: 2283.788 GC heap before
{Heap before GC invocations=18 (full 7):
 PSYoungGen      total 1224192K, used 708202K [0x00000007aaa00000, 0x0000000800000000, 0x0000000800000000)
  eden space 1049600K, 67% used [0x00000007aaa00000,0x00000007d5d9aa70,0x00000007eab00000)
  from space 174592K, 0% used [0x00000007f5580000,0x00000007f5580000,0x0000000800000000)
  to   space 174592K, 0% used [0x00000007eab00000,0x00000007eab00000,0x00000007f5580000)
 ParOldGen       total 2797568K, used 102001K [0x00000006ffe00000, 0x00000007aaa00000, 0x00000007aaa00000)
  object space 2797568K, 3% used [0x00000006ffe00000,0x000000070619c760,0x00000007aaa00000)
 PSPermGen       total 189440K, used 114770K [0x00000006efe00000, 0x00000006fb700000, 0x00000006ffe00000)
  object space 189440K, 60% used [0x00000006efe00000,0x00000006f6e14af8,0x00000006fb700000)
Event: 2283.808 GC heap after
Heap after GC invocations=18 (full 7):
 PSYoungGen      total 1224192K, used 6950K [0x00000007aaa00000, 0x0000000800000000, 0x0000000800000000)
  eden space 1049600K, 0% used [0x00000007aaa00000,0x00000007aaa00000,0x00000007eab00000)
  from space 174592K, 3% used [0x00000007eab00000,0x00000007eb1c9938,0x00000007f5580000)
  to   space 174592K, 0% used [0x00000007f5580000,0x00000007f5580000,0x0000000800000000)
 ParOldGen       total 2797568K, used 102001K [0x00000006ffe00000, 0x00000007aaa00000, 0x00000007aaa00000)
  object space 2797568K, 3% used [0x00000006ffe00000,0x000000070619c760,0x00000007aaa00000)
 PSPermGen       total 189440K, used 114770K [0x00000006efe00000, 0x00000006fb700000, 0x00000006ffe00000)
  object space 189440K, 60% used [0x00000006efe00000,0x00000006f6e14af8,0x00000006fb700000)
}
Event: 2283.808 GC heap before
{Heap before GC invocations=19 (full 8):
 PSYoungGen      total 1224192K, used 6950K [0x00000007aaa00000, 0x0000000800000000, 0x0000000800000000)
  eden space 1049600K, 0% used [0x00000007aaa00000,0x00000007aaa00000,0x00000007eab00000)
  from space 174592K, 3% used [0x00000007eab00000,0x00000007eb1c9938,0x00000007f5580000)
  to   space 174592K, 0% used [0x00000007f5580000,0x00000007f5580000,0x0000000800000000)
 ParOldGen       total 2797568K, used 102001K [0x00000006ffe00000, 0x00000007aaa00000, 0x00000007aaa00000)
  object space 2797568K, 3% used [0x00000006ffe00000,0x000000070619c760,0x00000007aaa00000)
 PSPermGen       total 189440K, used 114770K [0x00000006efe00000, 0x00000006fb700000, 0x00000006ffe00000)
  object space 189440K, 60% used [0x00000006efe00000,0x00000006f6e14af8,0x00000006fb700000)
Event: 2284.441 GC heap after
Heap after GC invocations=19 (full 8):
 PSYoungGen      total 1224192K, used 0K [0x00000007aaa00000, 0x0000000800000000, 0x0000000800000000)
  eden space 1049600K, 0% used [0x00000007aaa00000,0x00000007aaa00000,0x00000007eab00000)
  from space 174592K, 0% used [0x00000007eab00000,0x00000007eab00000,0x00000007f5580000)
  to   space 174592K, 0% used [0x00000007f5580000,0x00000007f5580000,0x0000000800000000)
 ParOldGen       total 2797568K, used 102509K [0x00000006ffe00000, 0x00000007aaa00000, 0x00000007aaa00000)
  object space 2797568K, 3% used [0x00000006ffe00000,0x000000070621b788,0x00000007aaa00000)
 PSPermGen       total 182272K, used 114768K [0x00000006efe00000, 0x00000006fb000000, 0x00000006ffe00000)
  object space 182272K, 62% used [0x00000006efe00000,0x00000006f6e14318,0x00000006fb000000)
}
Event: 2447.036 GC heap before
{Heap before GC invocations=20 (full 8):
 PSYoungGen      total 1224192K, used 732219K [0x00000007aaa00000, 0x0000000800000000, 0x0000000800000000)
  eden space 1049600K, 69% used [0x00000007aaa00000,0x00000007d750ec00,0x00000007eab00000)
  from space 174592K, 0% used [0x00000007eab00000,0x00000007eab00000,0x00000007f5580000)
  to   space 174592K, 0% used [0x00000007f5580000,0x00000007f5580000,0x0000000800000000)
 ParOldGen       total 2797568K, used 102509K [0x00000006ffe00000, 0x00000007aaa00000, 0x00000007aaa00000)
  object space 2797568K, 3% used [0x00000006ffe00000,0x000000070621b788,0x00000007aaa00000)
 PSPermGen       total 182272K, used 114836K [0x00000006efe00000, 0x00000006fb000000, 0x00000006ffe00000)
  object space 182272K, 63% used [0x00000006efe00000,0x00000006f6e25170,0x00000006fb000000)
Event: 2447.046 GC heap after
Heap after GC invocations=20 (full 8):
 PSYoungGen      total 1224192K, used 7659K [0x00000007aaa00000, 0x0000000800000000, 0x0000000800000000)
  eden space 1049600K, 0% used [0x00000007aaa00000,0x00000007aaa00000,0x00000007eab00000)
  from space 174592K, 4% used [0x00000007f5580000,0x00000007f5cfae58,0x0000000800000000)
  to   space 174592K, 0% used [0x00000007eab00000,0x00000007eab00000,0x00000007f5580000)
 ParOldGen       total 2797568K, used 102509K [0x00000006ffe00000, 0x00000007aaa00000, 0x00000007aaa00000)
  object space 2797568K, 3% used [0x00000006ffe00000,0x000000070621b788,0x00000007aaa00000)
 PSPermGen       total 182272K, used 114836K [0x00000006efe00000, 0x00000006fb000000, 0x00000006ffe00000)
  object space 182272K, 63% used [0x00000006efe00000,0x00000006f6e25170,0x00000006fb000000)
}
Event: 2447.046 GC heap before
{Heap before GC invocations=21 (full 9):
 PSYoungGen      total 1224192K, used 7659K [0x00000007aaa00000, 0x0000000800000000, 0x0000000800000000)
  eden space 1049600K, 0% used [0x00000007aaa00000,0x00000007aaa00000,0x00000007eab00000)
  from space 174592K, 4% used [0x00000007f5580000,0x00000007f5cfae58,0x0000000800000000)
  to   space 174592K, 0% used [0x00000007eab00000,0x00000007eab00000,0x00000007f5580000)
 ParOldGen       total 2797568K, used 102509K [0x00000006ffe00000, 0x00000007aaa00000, 0x00000007aaa00000)
  object space 2797568K, 3% used [0x00000006ffe00000,0x000000070621b788,0x00000007aaa00000)
 PSPermGen       total 182272K, used 114836K [0x00000006efe00000, 0x00000006fb000000, 0x00000006ffe00000)
  object space 182272K, 63% used [0x00000006efe00000,0x00000006f6e25170,0x00000006fb000000)
Event: 2447.387 GC heap after
Heap after GC invocations=21 (full 9):
 PSYoungGen      total 1224192K, used 0K [0x00000007aaa00000, 0x0000000800000000, 0x0000000800000000)
  eden space 1049600K, 0% used [0x00000007aaa00000,0x00000007aaa00000,0x00000007eab00000)
  from space 174592K, 0% used [0x00000007f5580000,0x00000007f5580000,0x0000000800000000)
  to   space 174592K, 0% used [0x00000007eab00000,0x00000007eab00000,0x00000007f5580000)
 ParOldGen       total 2797568K, used 103838K [0x00000006ffe00000, 0x00000007aaa00000, 0x00000007aaa00000)
  object space 2797568K, 3% used [0x00000006ffe00000,0x0000000706367b60,0x00000007aaa00000)
 PSPermGen       total 174592K, used 114835K [0x00000006efe00000, 0x00000006fa880000, 0x00000006ffe00000)
  object space 174592K, 65% used [0x00000006efe00000,0x00000006f6e24c90,0x00000006fa880000)
}
Event: 12612.081 GC heap before
{Heap before GC invocations=22 (full 9):
 PSYoungGen      total 1224192K, used 1049600K [0x00000007aaa00000, 0x0000000800000000, 0x0000000800000000)
  eden space 1049600K, 100% used [0x00000007aaa00000,0x00000007eab00000,0x00000007eab00000)
  from space 174592K, 0% used [0x00000007f5580000,0x00000007f5580000,0x0000000800000000)
  to   space 174592K, 0% used [0x00000007eab00000,0x00000007eab00000,0x00000007f5580000)
 ParOldGen       total 2797568K, used 103838K [0x00000006ffe00000, 0x00000007aaa00000, 0x00000007aaa00000)
  object space 2797568K, 3% used [0x00000006ffe00000,0x0000000706367b60,0x00000007aaa00000)
 PSPermGen       total 174592K, used 117923K [0x00000006efe00000, 0x00000006fa880000, 0x00000006ffe00000)
  object space 174592K, 67% used [0x00000006efe00000,0x00000006f7128ec8,0x00000006fa880000)

