# JRE version: Java(TM) SE Runtime Environment (7.0_80-b05) (build 1.7.0_80-ea-b05)
# Java VM: Java HotSpot(TM) 64-Bit Server VM (24.80-b07 mixed mode linux-amd64 compressed oops)
Heap
 PSYoungGen      total 530944K, used 8082K [0x00000007d6a80000, 0x00000007fee00000, 0x0000000800000000)
  eden space 410112K, 1% used [0x00000007d6a80000,0x00000007d7264948,0x00000007efb00000)
  from space 120832K, 0% used [0x00000007f7800000,0x00000007f7800000,0x00000007fee00000)
  to   space 124416K, 0% used [0x00000007efb00000,0x00000007efb00000,0x00000007f7480000)
 ParOldGen       total 308736K, used 30288K [0x0000000784000000, 0x0000000796d80000, 0x00000007d6a80000)
  object space 308736K, 9% used [0x0000000784000000,0x0000000785d942e8,0x0000000796d80000)
 PSPermGen       total 83968K, used 83966K [0x000000077ee00000, 0x0000000784000000, 0x0000000784000000)
  object space 83968K, 99% used [0x000000077ee00000,0x0000000783fffbe8,0x0000000784000000)
GC Heap History (10 events):
Event: 419.371 GC heap before
{Heap before GC invocations=36 (full 8):
 PSYoungGen      total 531456K, used 128K [0x00000007d6a80000, 0x00000007ff600000, 0x0000000800000000)
  eden space 400896K, 0% used [0x00000007d6a80000,0x00000007d6a80000,0x00000007ef200000)
  from space 130560K, 0% used [0x00000007f7680000,0x00000007f76a0000,0x00000007ff600000)
  to   space 133120K, 0% used [0x00000007ef200000,0x00000007ef200000,0x00000007f7400000)
 ParOldGen       total 181248K, used 30371K [0x0000000784000000, 0x000000078f100000, 0x00000007d6a80000)
  object space 181248K, 16% used [0x0000000784000000,0x0000000785da8c18,0x000000078f100000)
 PSPermGen       total 83968K, used 83967K [0x000000077ee00000, 0x0000000784000000, 0x0000000784000000)
  object space 83968K, 99% used [0x000000077ee00000,0x0000000783ffffd0,0x0000000784000000)
Event: 419.491 GC heap after
Heap after GC invocations=36 (full 8):
 PSYoungGen      total 531456K, used 0K [0x00000007d6a80000, 0x00000007ff600000, 0x0000000800000000)
  eden space 400896K, 0% used [0x00000007d6a80000,0x00000007d6a80000,0x00000007ef200000)
  from space 130560K, 0% used [0x00000007f7680000,0x00000007f7680000,0x00000007ff600000)
  to   space 133120K, 0% used [0x00000007ef200000,0x00000007ef200000,0x00000007f7400000)
 ParOldGen       total 218624K, used 30307K [0x0000000784000000, 0x0000000791580000, 0x00000007d6a80000)
  object space 218624K, 13% used [0x0000000784000000,0x0000000785d98c60,0x0000000791580000)
 PSPermGen       total 83968K, used 83960K [0x000000077ee00000, 0x0000000784000000, 0x0000000784000000)
  object space 83968K, 99% used [0x000000077ee00000,0x0000000783ffe3b8,0x0000000784000000)
}
Event: 419.619 GC heap before
{Heap before GC invocations=37 (full 8):
 PSYoungGen      total 531456K, used 9060K [0x00000007d6a80000, 0x00000007ff600000, 0x0000000800000000)
  eden space 400896K, 2% used [0x00000007d6a80000,0x00000007d73590a8,0x00000007ef200000)
  from space 130560K, 0% used [0x00000007f7680000,0x00000007f7680000,0x00000007ff600000)
  to   space 133120K, 0% used [0x00000007ef200000,0x00000007ef200000,0x00000007f7400000)
 ParOldGen       total 218624K, used 30307K [0x0000000784000000, 0x0000000791580000, 0x00000007d6a80000)
  object space 218624K, 13% used [0x0000000784000000,0x0000000785d98c60,0x0000000791580000)
 PSPermGen       total 83968K, used 83966K [0x000000077ee00000, 0x0000000784000000, 0x0000000784000000)
  object space 83968K, 99% used [0x000000077ee00000,0x0000000783fffbe8,0x0000000784000000)
Event: 419.625 GC heap after
Heap after GC invocations=37 (full 8):
 PSYoungGen      total 534016K, used 32K [0x00000007d6a80000, 0x00000007ff600000, 0x0000000800000000)
  eden space 400896K, 0% used [0x00000007d6a80000,0x00000007d6a80000,0x00000007ef200000)
  from space 133120K, 0% used [0x00000007ef200000,0x00000007ef208000,0x00000007f7400000)
  to   space 129024K, 0% used [0x00000007f7800000,0x00000007f7800000,0x00000007ff600000)
 ParOldGen       total 218624K, used 30307K [0x0000000784000000, 0x0000000791580000, 0x00000007d6a80000)
  object space 218624K, 13% used [0x0000000784000000,0x0000000785d98c60,0x0000000791580000)
 PSPermGen       total 83968K, used 83966K [0x000000077ee00000, 0x0000000784000000, 0x0000000784000000)
  object space 83968K, 99% used [0x000000077ee00000,0x0000000783fffbe8,0x0000000784000000)
}
Event: 419.625 GC heap before
{Heap before GC invocations=38 (full 9):
 PSYoungGen      total 534016K, used 32K [0x00000007d6a80000, 0x00000007ff600000, 0x0000000800000000)
  eden space 400896K, 0% used [0x00000007d6a80000,0x00000007d6a80000,0x00000007ef200000)
  from space 133120K, 0% used [0x00000007ef200000,0x00000007ef208000,0x00000007f7400000)
  to   space 129024K, 0% used [0x00000007f7800000,0x00000007f7800000,0x00000007ff600000)
 ParOldGen       total 218624K, used 30307K [0x0000000784000000, 0x0000000791580000, 0x00000007d6a80000)
  object space 218624K, 13% used [0x0000000784000000,0x0000000785d98c60,0x0000000791580000)
 PSPermGen       total 83968K, used 83966K [0x000000077ee00000, 0x0000000784000000, 0x0000000784000000)
  object space 83968K, 99% used [0x000000077ee00000,0x0000000783fffbe8,0x0000000784000000)
Event: 419.788 GC heap after
Heap after GC invocations=38 (full 9):
 PSYoungGen      total 534016K, used 0K [0x00000007d6a80000, 0x00000007ff600000, 0x0000000800000000)
  eden space 400896K, 0% used [0x00000007d6a80000,0x00000007d6a80000,0x00000007ef200000)
  from space 133120K, 0% used [0x00000007ef200000,0x00000007ef200000,0x00000007f7400000)
  to   space 129024K, 0% used [0x00000007f7800000,0x00000007f7800000,0x00000007ff600000)
 ParOldGen       total 258560K, used 30290K [0x0000000784000000, 0x0000000793c80000, 0x00000007d6a80000)
  object space 258560K, 11% used [0x0000000784000000,0x0000000785d94a00,0x0000000793c80000)
 PSPermGen       total 83968K, used 83966K [0x000000077ee00000, 0x0000000784000000, 0x0000000784000000)
  object space 83968K, 99% used [0x000000077ee00000,0x0000000783fffbe8,0x0000000784000000)
}
Event: 419.788 GC heap before
{Heap before GC invocations=39 (full 9):
 PSYoungGen      total 534016K, used 0K [0x00000007d6a80000, 0x00000007ff600000, 0x0000000800000000)
  eden space 400896K, 0% used [0x00000007d6a80000,0x00000007d6a80000,0x00000007ef200000)
  from space 133120K, 0% used [0x00000007ef200000,0x00000007ef200000,0x00000007f7400000)
  to   space 129024K, 0% used [0x00000007f7800000,0x00000007f7800000,0x00000007ff600000)
 ParOldGen       total 258560K, used 30290K [0x0000000784000000, 0x0000000793c80000, 0x00000007d6a80000)
  object space 258560K, 11% used [0x0000000784000000,0x0000000785d94a00,0x0000000793c80000)
 PSPermGen       total 83968K, used 83966K [0x000000077ee00000, 0x0000000784000000, 0x0000000784000000)
  object space 83968K, 99% used [0x000000077ee00000,0x0000000783fffbe8,0x0000000784000000)
Event: 419.798 GC heap after
Heap after GC invocations=39 (full 9):
 PSYoungGen      total 530944K, used 0K [0x00000007d6a80000, 0x00000007fee00000, 0x0000000800000000)
  eden space 410112K, 0% used [0x00000007d6a80000,0x00000007d6a80000,0x00000007efb00000)
  from space 120832K, 0% used [0x00000007f7800000,0x00000007f7800000,0x00000007fee00000)
  to   space 124416K, 0% used [0x00000007efb00000,0x00000007efb00000,0x00000007f7480000)
 ParOldGen       total 258560K, used 30290K [0x0000000784000000, 0x0000000793c80000, 0x00000007d6a80000)
  object space 258560K, 11% used [0x0000000784000000,0x0000000785d94a00,0x0000000793c80000)
 PSPermGen       total 83968K, used 83966K [0x000000077ee00000, 0x0000000784000000, 0x0000000784000000)
  object space 83968K, 99% used [0x000000077ee00000,0x0000000783fffbe8,0x0000000784000000)
}
Event: 419.798 GC heap before
{Heap before GC invocations=40 (full 10):
 PSYoungGen      total 530944K, used 0K [0x00000007d6a80000, 0x00000007fee00000, 0x0000000800000000)
  eden space 410112K, 0% used [0x00000007d6a80000,0x00000007d6a80000,0x00000007efb00000)
  from space 120832K, 0% used [0x00000007f7800000,0x00000007f7800000,0x00000007fee00000)
  to   space 124416K, 0% used [0x00000007efb00000,0x00000007efb00000,0x00000007f7480000)
 ParOldGen       total 258560K, used 30290K [0x0000000784000000, 0x0000000793c80000, 0x00000007d6a80000)
  object space 258560K, 11% used [0x0000000784000000,0x0000000785d94a00,0x0000000793c80000)
 PSPermGen       total 83968K, used 83966K [0x000000077ee00000, 0x0000000784000000, 0x0000000784000000)
  object space 83968K, 99% used [0x000000077ee00000,0x0000000783fffbe8,0x0000000784000000)
Event: 419.946 GC heap after
Heap after GC invocations=40 (full 10):
 PSYoungGen      total 530944K, used 0K [0x00000007d6a80000, 0x00000007fee00000, 0x0000000800000000)
  eden space 410112K, 0% used [0x00000007d6a80000,0x00000007d6a80000,0x00000007efb00000)
  from space 120832K, 0% used [0x00000007f7800000,0x00000007f7800000,0x00000007fee00000)
  to   space 124416K, 0% used [0x00000007efb00000,0x00000007efb00000,0x00000007f7480000)
 ParOldGen       total 308736K, used 30288K [0x0000000784000000, 0x0000000796d80000, 0x00000007d6a80000)
  object space 308736K, 9% used [0x0000000784000000,0x0000000785d942e8,0x0000000796d80000)
 PSPermGen       total 83968K, used 83966K [0x000000077ee00000, 0x0000000784000000, 0x0000000784000000)
  object space 83968K, 99% used [0x000000077ee00000,0x0000000783fffbe8,0x0000000784000000)
}

