# JRE version: Java(TM) SE Runtime Environment (7.0_80-b05) (build 1.7.0_80-ea-b05)
# Java VM: Java HotSpot(TM) 64-Bit Server VM (24.80-b07 mixed mode linux-amd64 compressed oops)
Heap
 PSYoungGen      total 531968K, used 0K [0x00000007d6a80000, 0x00000007ff180000, 0x0000000800000000)
  eden space 404480K, 0% used [0x00000007d6a80000,0x00000007d6a80150,0x00000007ef580000)
  from space 127488K, 0% used [0x00000007f7500000,0x00000007f7500000,0x00000007ff180000)
  to   space 129024K, 0% used [0x00000007ef580000,0x00000007ef580000,0x00000007f7380000)
 ParOldGen       total 368128K, used 27662K [0x0000000784000000, 0x000000079a780000, 0x00000007d6a80000)
  object space 368128K, 7% used [0x0000000784000000,0x0000000785b039c0,0x000000079a780000)
 PSPermGen       total 83968K, used 83967K [0x000000077ee00000, 0x0000000784000000, 0x0000000784000000)
  object space 83968K, 99% used [0x000000077ee00000,0x0000000783fffee8,0x0000000784000000)
GC Heap History (10 events):
Event: 247.834 GC heap before
{Heap before GC invocations=41 (full 9):
 PSYoungGen      total 537088K, used 192K [0x00000007d6a80000, 0x00000007ffc80000, 0x0000000800000000)
  eden space 397824K, 0% used [0x00000007d6a80000,0x00000007d6a80000,0x00000007eef00000)
  from space 139264K, 0% used [0x00000007f7480000,0x00000007f74b0000,0x00000007ffc80000)
  to   space 136704K, 0% used [0x00000007eef00000,0x00000007eef00000,0x00000007f7480000)
 ParOldGen       total 218624K, used 27782K [0x0000000784000000, 0x0000000791580000, 0x00000007d6a80000)
  object space 218624K, 12% used [0x0000000784000000,0x0000000785b21988,0x0000000791580000)
 PSPermGen       total 83968K, used 83967K [0x000000077ee00000, 0x0000000784000000, 0x0000000784000000)
  object space 83968K, 99% used [0x000000077ee00000,0x0000000783ffff60,0x0000000784000000)
Event: 247.898 GC heap after
Heap after GC invocations=41 (full 9):
 PSYoungGen      total 537088K, used 0K [0x00000007d6a80000, 0x00000007ffc80000, 0x0000000800000000)
  eden space 397824K, 0% used [0x00000007d6a80000,0x00000007d6a80000,0x00000007eef00000)
  from space 139264K, 0% used [0x00000007f7480000,0x00000007f7480000,0x00000007ffc80000)
  to   space 136704K, 0% used [0x00000007eef00000,0x00000007eef00000,0x00000007f7480000)
 ParOldGen       total 260096K, used 27695K [0x0000000784000000, 0x0000000793e00000, 0x00000007d6a80000)
  object space 260096K, 10% used [0x0000000784000000,0x0000000785b0bec8,0x0000000793e00000)
 PSPermGen       total 83968K, used 83957K [0x000000077ee00000, 0x0000000784000000, 0x0000000784000000)
  object space 83968K, 99% used [0x000000077ee00000,0x0000000783ffd518,0x0000000784000000)
}
Event: 251.264 GC heap before
{Heap before GC invocations=42 (full 9):
 PSYoungGen      total 537088K, used 9702K [0x00000007d6a80000, 0x00000007ffc80000, 0x0000000800000000)
  eden space 397824K, 2% used [0x00000007d6a80000,0x00000007d73f98b0,0x00000007eef00000)
  from space 139264K, 0% used [0x00000007f7480000,0x00000007f7480000,0x00000007ffc80000)
  to   space 136704K, 0% used [0x00000007eef00000,0x00000007eef00000,0x00000007f7480000)
 ParOldGen       total 260096K, used 27695K [0x0000000784000000, 0x0000000793e00000, 0x00000007d6a80000)
  object space 260096K, 10% used [0x0000000784000000,0x0000000785b0bec8,0x0000000793e00000)
 PSPermGen       total 83968K, used 83967K [0x000000077ee00000, 0x0000000784000000, 0x0000000784000000)
  object space 83968K, 99% used [0x000000077ee00000,0x0000000783fffee8,0x0000000784000000)
Event: 251.266 GC heap after
Heap after GC invocations=42 (full 9):
 PSYoungGen      total 534528K, used 192K [0x00000007d6a80000, 0x00000007ff780000, 0x0000000800000000)
  eden space 397824K, 0% used [0x00000007d6a80000,0x00000007d6a80000,0x00000007eef00000)
  from space 136704K, 0% used [0x00000007eef00000,0x00000007eef30000,0x00000007f7480000)
  to   space 133632K, 0% used [0x00000007f7500000,0x00000007f7500000,0x00000007ff780000)
 ParOldGen       total 260096K, used 27695K [0x0000000784000000, 0x0000000793e00000, 0x00000007d6a80000)
  object space 260096K, 10% used [0x0000000784000000,0x0000000785b0bec8,0x0000000793e00000)
 PSPermGen       total 83968K, used 83967K [0x000000077ee00000, 0x0000000784000000, 0x0000000784000000)
  object space 83968K, 99% used [0x000000077ee00000,0x0000000783fffee8,0x0000000784000000)
}
Event: 251.266 GC heap before
{Heap before GC invocations=43 (full 10):
 PSYoungGen      total 534528K, used 192K [0x00000007d6a80000, 0x00000007ff780000, 0x0000000800000000)
  eden space 397824K, 0% used [0x00000007d6a80000,0x00000007d6a80000,0x00000007eef00000)
  from space 136704K, 0% used [0x00000007eef00000,0x00000007eef30000,0x00000007f7480000)
  to   space 133632K, 0% used [0x00000007f7500000,0x00000007f7500000,0x00000007ff780000)
 ParOldGen       total 260096K, used 27695K [0x0000000784000000, 0x0000000793e00000, 0x00000007d6a80000)
  object space 260096K, 10% used [0x0000000784000000,0x0000000785b0bec8,0x0000000793e00000)
 PSPermGen       total 83968K, used 83967K [0x000000077ee00000, 0x0000000784000000, 0x0000000784000000)
  object space 83968K, 99% used [0x000000077ee00000,0x0000000783fffee8,0x0000000784000000)
Event: 251.353 GC heap after
Heap after GC invocations=43 (full 10):
 PSYoungGen      total 534528K, used 0K [0x00000007d6a80000, 0x00000007ff780000, 0x0000000800000000)
  eden space 397824K, 0% used [0x00000007d6a80000,0x00000007d6a80000,0x00000007eef00000)
  from space 136704K, 0% used [0x00000007eef00000,0x00000007eef00000,0x00000007f7480000)
  to   space 133632K, 0% used [0x00000007f7500000,0x00000007f7500000,0x00000007ff780000)
 ParOldGen       total 311296K, used 27664K [0x0000000784000000, 0x0000000797000000, 0x00000007d6a80000)
  object space 311296K, 8% used [0x0000000784000000,0x0000000785b04188,0x0000000797000000)
 PSPermGen       total 83968K, used 83967K [0x000000077ee00000, 0x0000000784000000, 0x0000000784000000)
  object space 83968K, 99% used [0x000000077ee00000,0x0000000783fffee8,0x0000000784000000)
}
Event: 251.353 GC heap before
{Heap before GC invocations=44 (full 10):
 PSYoungGen      total 534528K, used 0K [0x00000007d6a80000, 0x00000007ff780000, 0x0000000800000000)
  eden space 397824K, 0% used [0x00000007d6a80000,0x00000007d6a80000,0x00000007eef00000)
  from space 136704K, 0% used [0x00000007eef00000,0x00000007eef00000,0x00000007f7480000)
  to   space 133632K, 0% used [0x00000007f7500000,0x00000007f7500000,0x00000007ff780000)
 ParOldGen       total 311296K, used 27664K [0x0000000784000000, 0x0000000797000000, 0x00000007d6a80000)
  object space 311296K, 8% used [0x0000000784000000,0x0000000785b04188,0x0000000797000000)
 PSPermGen       total 83968K, used 83967K [0x000000077ee00000, 0x0000000784000000, 0x0000000784000000)
  object space 83968K, 99% used [0x000000077ee00000,0x0000000783fffee8,0x0000000784000000)
Event: 251.358 GC heap after
Heap after GC invocations=44 (full 10):
 PSYoungGen      total 531968K, used 0K [0x00000007d6a80000, 0x00000007ff180000, 0x0000000800000000)
  eden space 404480K, 0% used [0x00000007d6a80000,0x00000007d6a80000,0x00000007ef580000)
  from space 127488K, 0% used [0x00000007f7500000,0x00000007f7500000,0x00000007ff180000)
  to   space 129024K, 0% used [0x00000007ef580000,0x00000007ef580000,0x00000007f7380000)
 ParOldGen       total 311296K, used 27664K [0x0000000784000000, 0x0000000797000000, 0x00000007d6a80000)
  object space 311296K, 8% used [0x0000000784000000,0x0000000785b04188,0x0000000797000000)
 PSPermGen       total 83968K, used 83967K [0x000000077ee00000, 0x0000000784000000, 0x0000000784000000)
  object space 83968K, 99% used [0x000000077ee00000,0x0000000783fffee8,0x0000000784000000)
}
Event: 251.358 GC heap before
{Heap before GC invocations=45 (full 11):
 PSYoungGen      total 531968K, used 0K [0x00000007d6a80000, 0x00000007ff180000, 0x0000000800000000)
  eden space 404480K, 0% used [0x00000007d6a80000,0x00000007d6a80000,0x00000007ef580000)
  from space 127488K, 0% used [0x00000007f7500000,0x00000007f7500000,0x00000007ff180000)
  to   space 129024K, 0% used [0x00000007ef580000,0x00000007ef580000,0x00000007f7380000)
 ParOldGen       total 311296K, used 27664K [0x0000000784000000, 0x0000000797000000, 0x00000007d6a80000)
  object space 311296K, 8% used [0x0000000784000000,0x0000000785b04188,0x0000000797000000)
 PSPermGen       total 83968K, used 83967K [0x000000077ee00000, 0x0000000784000000, 0x0000000784000000)
  object space 83968K, 99% used [0x000000077ee00000,0x0000000783fffee8,0x0000000784000000)
Event: 251.437 GC heap after
Heap after GC invocations=45 (full 11):
 PSYoungGen      total 531968K, used 0K [0x00000007d6a80000, 0x00000007ff180000, 0x0000000800000000)
  eden space 404480K, 0% used [0x00000007d6a80000,0x00000007d6a80000,0x00000007ef580000)
  from space 127488K, 0% used [0x00000007f7500000,0x00000007f7500000,0x00000007ff180000)
  to   space 129024K, 0% used [0x00000007ef580000,0x00000007ef580000,0x00000007f7380000)
 ParOldGen       total 368128K, used 27662K [0x0000000784000000, 0x000000079a780000, 0x00000007d6a80000)
  object space 368128K, 7% used [0x0000000784000000,0x0000000785b039c0,0x000000079a780000)
 PSPermGen       total 83968K, used 83967K [0x000000077ee00000, 0x0000000784000000, 0x0000000784000000)
  object space 83968K, 99% used [0x000000077ee00000,0x0000000783fffee8,0x0000000784000000)
}

